{"message":"GET / 500 75.245 ms - 1739\n","level":"info","timestamp":"2021-06-16T18:39:17.326Z"}
{"message":"GET / 500 75.245 ms - 1739\n","level":"info","timestamp":"2021-06-16T18:39:17.342Z"}
{"message":"Code: 404, Message: Page Not found, URL: /favicon.ico, Method: GET, IP: ::ffff:127.0.0.1","level":"error","timestamp":"2021-06-16T18:39:17.534Z"}
{"message":"Code: 404, Message: Page Not found, URL: /favicon.ico, Method: GET, IP: ::ffff:127.0.0.1","level":"error","timestamp":"2021-06-16T18:39:17.534Z"}
{"message":"GET /favicon.ico 404 10.749 ms - 1533\n","level":"info","timestamp":"2021-06-16T18:39:17.544Z"}
{"message":"GET /favicon.ico 404 10.749 ms - 1533\n","level":"info","timestamp":"2021-06-16T18:39:17.544Z"}
{"message":"GET / 500 3.665 ms - 1739\n","level":"info","timestamp":"2021-06-16T18:39:59.415Z"}
{"message":"GET / 500 3.665 ms - 1739\n","level":"info","timestamp":"2021-06-16T18:39:59.416Z"}
{"message":"GET / 200 118.535 ms - 1085\n","level":"info","timestamp":"2021-06-16T18:40:15.367Z"}
{"message":"GET / 200 118.535 ms - 1085\n","level":"info","timestamp":"2021-06-16T18:40:15.371Z"}
{"message":"Code: 404, Message: Page Not found, URL: /about, Method: GET, IP: ::1","level":"error","timestamp":"2021-06-16T18:40:18.400Z"}
{"message":"Code: 404, Message: Page Not found, URL: /about, Method: GET, IP: ::1","level":"error","timestamp":"2021-06-16T18:40:18.402Z"}
{"message":"GET /about 404 33.587 ms - 1533\n","level":"info","timestamp":"2021-06-16T18:40:18.429Z"}
{"message":"GET /about 404 33.587 ms - 1533\n","level":"info","timestamp":"2021-06-16T18:40:18.430Z"}
{"message":"GET / 304 34.042 ms - -\n","level":"info","timestamp":"2021-06-16T18:41:24.867Z"}
{"message":"GET / 304 34.042 ms - -\n","level":"info","timestamp":"2021-06-16T18:41:24.868Z"}
{"message":"GET /users 200 4.710 ms - 42\n","level":"info","timestamp":"2021-06-16T18:41:27.059Z"}
{"message":"GET /users 200 4.710 ms - 42\n","level":"info","timestamp":"2021-06-16T18:41:27.059Z"}
{"message":"GET /index 200 13.004 ms - 1085\n","level":"info","timestamp":"2021-06-16T18:41:31.375Z"}
{"message":"GET /index 200 13.004 ms - 1085\n","level":"info","timestamp":"2021-06-16T18:41:31.375Z"}
{"message":"GET / 304 68.070 ms - -\n","level":"info","timestamp":"2021-06-16T18:41:38.112Z"}
{"message":"GET / 304 68.070 ms - -\n","level":"info","timestamp":"2021-06-16T18:41:38.112Z"}
{"message":"GET / 304 14.887 ms - -\n","level":"info","timestamp":"2021-06-16T18:41:40.973Z"}
{"message":"GET / 304 14.887 ms - -\n","level":"info","timestamp":"2021-06-16T18:41:40.974Z"}
{"message":"GET / 304 15.182 ms - -\n","level":"info","timestamp":"2021-06-16T18:41:43.670Z"}
{"message":"GET / 304 15.182 ms - -\n","level":"info","timestamp":"2021-06-16T18:41:43.670Z"}
{"message":"Code: 404, Message: Page Not found, URL: /about, Method: GET, IP: ::1","level":"error","timestamp":"2021-06-16T18:41:44.710Z"}
{"message":"Code: 404, Message: Page Not found, URL: /about, Method: GET, IP: ::1","level":"error","timestamp":"2021-06-16T18:41:44.712Z"}
{"message":"GET /about 404 29.992 ms - 1533\n","level":"info","timestamp":"2021-06-16T18:41:44.740Z"}
{"message":"GET /about 404 29.992 ms - 1533\n","level":"info","timestamp":"2021-06-16T18:41:44.741Z"}
{"error":{},"level":"error","message":"uncaughtException: Route.get() requires a callback function but got a [object Undefined]\nError: Route.get() requires a callback function but got a [object Undefined]\n    at Route.<computed> [as get] (C:\\Users\\harri\\Documents\\10° Semestre ITGAM\\PWPCII\\ProjNotes\\node_modules\\express\\lib\\router\\route.js:202:15)\n    at Function.get (C:\\Users\\harri\\Documents\\10° Semestre ITGAM\\PWPCII\\ProjNotes\\node_modules\\express\\lib\\router\\index.js:510:19)\n    at Object.<anonymous> (C:\\Users\\harri\\Documents\\10° Semestre ITGAM\\PWPCII\\ProjNotes\\server\\routes\\home.js:20:8)\n    at Module._compile (node:internal/modules/cjs/loader:1092:14)\n    at babelWatchLoader (C:\\Users\\harri\\Documents\\10° Semestre ITGAM\\PWPCII\\ProjNotes\\node_modules\\babel-watch\\runner.js:58:13)\n    at Object.reqExtensions.<computed> [as .js] (C:\\Users\\harri\\Documents\\10° Semestre ITGAM\\PWPCII\\ProjNotes\\node_modules\\babel-watch\\runner.js:69:7)\n    at Module.load (node:internal/modules/cjs/loader:972:32)\n    at Function.Module._load (node:internal/modules/cjs/loader:813:14)\n    at Module.require (node:internal/modules/cjs/loader:996:19)\n    at require (node:internal/modules/cjs/helpers:92:18)","stack":"Error: Route.get() requires a callback function but got a [object Undefined]\n    at Route.<computed> [as get] (C:\\Users\\harri\\Documents\\10° Semestre ITGAM\\PWPCII\\ProjNotes\\node_modules\\express\\lib\\router\\route.js:202:15)\n    at Function.get (C:\\Users\\harri\\Documents\\10° Semestre ITGAM\\PWPCII\\ProjNotes\\node_modules\\express\\lib\\router\\index.js:510:19)\n    at Object.<anonymous> (C:\\Users\\harri\\Documents\\10° Semestre ITGAM\\PWPCII\\ProjNotes\\server\\routes\\home.js:20:8)\n    at Module._compile (node:internal/modules/cjs/loader:1092:14)\n    at babelWatchLoader (C:\\Users\\harri\\Documents\\10° Semestre ITGAM\\PWPCII\\ProjNotes\\node_modules\\babel-watch\\runner.js:58:13)\n    at Object.reqExtensions.<computed> [as .js] (C:\\Users\\harri\\Documents\\10° Semestre ITGAM\\PWPCII\\ProjNotes\\node_modules\\babel-watch\\runner.js:69:7)\n    at Module.load (node:internal/modules/cjs/loader:972:32)\n    at Function.Module._load (node:internal/modules/cjs/loader:813:14)\n    at Module.require (node:internal/modules/cjs/loader:996:19)\n    at require (node:internal/modules/cjs/helpers:92:18)","exception":true,"date":"Wed Jun 16 2021 13:43:15 GMT-0500 (hora de verano central)","process":{"pid":19784,"uid":null,"gid":null,"cwd":"C:\\Users\\harri\\Documents\\10° Semestre ITGAM\\PWPCII\\ProjNotes","execPath":"C:\\Program Files\\nodejs\\node.exe","version":"v15.13.0","argv":["node","./server/bin/www"],"memoryUsage":{"rss":38645760,"heapTotal":18038784,"heapUsed":11274128,"external":933774,"arrayBuffers":131132}},"os":{"loadavg":[0,0,0],"uptime":267785},"trace":[{"column":15,"file":"C:\\Users\\harri\\Documents\\10° Semestre ITGAM\\PWPCII\\ProjNotes\\node_modules\\express\\lib\\router\\route.js","function":"Route.<computed> [as get]","line":202,"method":"<computed> [as get]","native":false},{"column":19,"file":"C:\\Users\\harri\\Documents\\10° Semestre ITGAM\\PWPCII\\ProjNotes\\node_modules\\express\\lib\\router\\index.js","function":"Function.get","line":510,"method":"get","native":false},{"column":8,"file":"C:\\Users\\harri\\Documents\\10° Semestre ITGAM\\PWPCII\\ProjNotes\\server\\routes\\home.js","function":null,"line":20,"method":null,"native":false},{"column":14,"file":"node:internal/modules/cjs/loader","function":"Module._compile","line":1092,"method":"_compile","native":false},{"column":13,"file":"C:\\Users\\harri\\Documents\\10° Semestre ITGAM\\PWPCII\\ProjNotes\\node_modules\\babel-watch\\runner.js","function":"babelWatchLoader","line":58,"method":null,"native":false},{"column":7,"file":"C:\\Users\\harri\\Documents\\10° Semestre ITGAM\\PWPCII\\ProjNotes\\node_modules\\babel-watch\\runner.js","function":"Object.reqExtensions.<computed> [as .js]","line":69,"method":"js]","native":false},{"column":32,"file":"node:internal/modules/cjs/loader","function":"Module.load","line":972,"method":"load","native":false},{"column":14,"file":"node:internal/modules/cjs/loader","function":"Module._load","line":813,"method":"_load","native":false},{"column":19,"file":"node:internal/modules/cjs/loader","function":"Module.require","line":996,"method":"require","native":false},{"column":18,"file":"node:internal/modules/cjs/helpers","function":"require","line":92,"method":null,"native":false}],"timestamp":"2021-06-16T18:43:15.986Z"}
{"error":{},"level":"error","message":"uncaughtException: Route.get() requires a callback function but got a [object Undefined]\nError: Route.get() requires a callback function but got a [object Undefined]\n    at Route.<computed> [as get] (C:\\Users\\harri\\Documents\\10° Semestre ITGAM\\PWPCII\\ProjNotes\\node_modules\\express\\lib\\router\\route.js:202:15)\n    at Function.get (C:\\Users\\harri\\Documents\\10° Semestre ITGAM\\PWPCII\\ProjNotes\\node_modules\\express\\lib\\router\\index.js:510:19)\n    at Object.<anonymous> (C:\\Users\\harri\\Documents\\10° Semestre ITGAM\\PWPCII\\ProjNotes\\server\\routes\\home.js:20:8)\n    at Module._compile (node:internal/modules/cjs/loader:1092:14)\n    at babelWatchLoader (C:\\Users\\harri\\Documents\\10° Semestre ITGAM\\PWPCII\\ProjNotes\\node_modules\\babel-watch\\runner.js:58:13)\n    at Object.reqExtensions.<computed> [as .js] (C:\\Users\\harri\\Documents\\10° Semestre ITGAM\\PWPCII\\ProjNotes\\node_modules\\babel-watch\\runner.js:69:7)\n    at Module.load (node:internal/modules/cjs/loader:972:32)\n    at Function.Module._load (node:internal/modules/cjs/loader:813:14)\n    at Module.require (node:internal/modules/cjs/loader:996:19)\n    at require (node:internal/modules/cjs/helpers:92:18)","stack":"Error: Route.get() requires a callback function but got a [object Undefined]\n    at Route.<computed> [as get] (C:\\Users\\harri\\Documents\\10° Semestre ITGAM\\PWPCII\\ProjNotes\\node_modules\\express\\lib\\router\\route.js:202:15)\n    at Function.get (C:\\Users\\harri\\Documents\\10° Semestre ITGAM\\PWPCII\\ProjNotes\\node_modules\\express\\lib\\router\\index.js:510:19)\n    at Object.<anonymous> (C:\\Users\\harri\\Documents\\10° Semestre ITGAM\\PWPCII\\ProjNotes\\server\\routes\\home.js:20:8)\n    at Module._compile (node:internal/modules/cjs/loader:1092:14)\n    at babelWatchLoader (C:\\Users\\harri\\Documents\\10° Semestre ITGAM\\PWPCII\\ProjNotes\\node_modules\\babel-watch\\runner.js:58:13)\n    at Object.reqExtensions.<computed> [as .js] (C:\\Users\\harri\\Documents\\10° Semestre ITGAM\\PWPCII\\ProjNotes\\node_modules\\babel-watch\\runner.js:69:7)\n    at Module.load (node:internal/modules/cjs/loader:972:32)\n    at Function.Module._load (node:internal/modules/cjs/loader:813:14)\n    at Module.require (node:internal/modules/cjs/loader:996:19)\n    at require (node:internal/modules/cjs/helpers:92:18)","exception":true,"date":"Wed Jun 16 2021 13:43:15 GMT-0500 (hora de verano central)","process":{"pid":19784,"uid":null,"gid":null,"cwd":"C:\\Users\\harri\\Documents\\10° Semestre ITGAM\\PWPCII\\ProjNotes","execPath":"C:\\Program Files\\nodejs\\node.exe","version":"v15.13.0","argv":["node","./server/bin/www"],"memoryUsage":{"rss":38645760,"heapTotal":18038784,"heapUsed":11274128,"external":933774,"arrayBuffers":131132}},"os":{"loadavg":[0,0,0],"uptime":267785},"trace":[{"column":15,"file":"C:\\Users\\harri\\Documents\\10° Semestre ITGAM\\PWPCII\\ProjNotes\\node_modules\\express\\lib\\router\\route.js","function":"Route.<computed> [as get]","line":202,"method":"<computed> [as get]","native":false},{"column":19,"file":"C:\\Users\\harri\\Documents\\10° Semestre ITGAM\\PWPCII\\ProjNotes\\node_modules\\express\\lib\\router\\index.js","function":"Function.get","line":510,"method":"get","native":false},{"column":8,"file":"C:\\Users\\harri\\Documents\\10° Semestre ITGAM\\PWPCII\\ProjNotes\\server\\routes\\home.js","function":null,"line":20,"method":null,"native":false},{"column":14,"file":"node:internal/modules/cjs/loader","function":"Module._compile","line":1092,"method":"_compile","native":false},{"column":13,"file":"C:\\Users\\harri\\Documents\\10° Semestre ITGAM\\PWPCII\\ProjNotes\\node_modules\\babel-watch\\runner.js","function":"babelWatchLoader","line":58,"method":null,"native":false},{"column":7,"file":"C:\\Users\\harri\\Documents\\10° Semestre ITGAM\\PWPCII\\ProjNotes\\node_modules\\babel-watch\\runner.js","function":"Object.reqExtensions.<computed> [as .js]","line":69,"method":"js]","native":false},{"column":32,"file":"node:internal/modules/cjs/loader","function":"Module.load","line":972,"method":"load","native":false},{"column":14,"file":"node:internal/modules/cjs/loader","function":"Module._load","line":813,"method":"_load","native":false},{"column":19,"file":"node:internal/modules/cjs/loader","function":"Module.require","line":996,"method":"require","native":false},{"column":18,"file":"node:internal/modules/cjs/helpers","function":"require","line":92,"method":null,"native":false}],"timestamp":"2021-06-16T18:43:15.987Z"}
{"error":{},"level":"error","message":"uncaughtException: about is not defined\nReferenceError: about is not defined\n    at Object.<anonymous> (C:\\Users\\harri\\Documents\\10° Semestre ITGAM\\PWPCII\\ProjNotes\\server\\controllers\\homeController.js:21:3)\n    at Module._compile (node:internal/modules/cjs/loader:1092:14)\n    at babelWatchLoader (C:\\Users\\harri\\Documents\\10° Semestre ITGAM\\PWPCII\\ProjNotes\\node_modules\\babel-watch\\runner.js:58:13)\n    at Object.reqExtensions.<computed> [as .js] (C:\\Users\\harri\\Documents\\10° Semestre ITGAM\\PWPCII\\ProjNotes\\node_modules\\babel-watch\\runner.js:69:7)\n    at Module.load (node:internal/modules/cjs/loader:972:32)\n    at Function.Module._load (node:internal/modules/cjs/loader:813:14)\n    at Module.require (node:internal/modules/cjs/loader:996:19)\n    at require (node:internal/modules/cjs/helpers:92:18)\n    at Object.<anonymous> (C:\\Users\\harri\\Documents\\10° Semestre ITGAM\\PWPCII\\ProjNotes\\server\\routes\\home.js:1:163)\n    at Module._compile (node:internal/modules/cjs/loader:1092:14)","stack":"ReferenceError: about is not defined\n    at Object.<anonymous> (C:\\Users\\harri\\Documents\\10° Semestre ITGAM\\PWPCII\\ProjNotes\\server\\controllers\\homeController.js:21:3)\n    at Module._compile (node:internal/modules/cjs/loader:1092:14)\n    at babelWatchLoader (C:\\Users\\harri\\Documents\\10° Semestre ITGAM\\PWPCII\\ProjNotes\\node_modules\\babel-watch\\runner.js:58:13)\n    at Object.reqExtensions.<computed> [as .js] (C:\\Users\\harri\\Documents\\10° Semestre ITGAM\\PWPCII\\ProjNotes\\node_modules\\babel-watch\\runner.js:69:7)\n    at Module.load (node:internal/modules/cjs/loader:972:32)\n    at Function.Module._load (node:internal/modules/cjs/loader:813:14)\n    at Module.require (node:internal/modules/cjs/loader:996:19)\n    at require (node:internal/modules/cjs/helpers:92:18)\n    at Object.<anonymous> (C:\\Users\\harri\\Documents\\10° Semestre ITGAM\\PWPCII\\ProjNotes\\server\\routes\\home.js:1:163)\n    at Module._compile (node:internal/modules/cjs/loader:1092:14)","exception":true,"date":"Wed Jun 16 2021 13:43:45 GMT-0500 (hora de verano central)","process":{"pid":11584,"uid":null,"gid":null,"cwd":"C:\\Users\\harri\\Documents\\10° Semestre ITGAM\\PWPCII\\ProjNotes","execPath":"C:\\Program Files\\nodejs\\node.exe","version":"v15.13.0","argv":["node","./server/bin/www"],"memoryUsage":{"rss":38318080,"heapTotal":18038784,"heapUsed":11166504,"external":914743,"arrayBuffers":112101}},"os":{"loadavg":[0,0,0],"uptime":267814},"trace":[{"column":3,"file":"C:\\Users\\harri\\Documents\\10° Semestre ITGAM\\PWPCII\\ProjNotes\\server\\controllers\\homeController.js","function":null,"line":21,"method":null,"native":false},{"column":14,"file":"node:internal/modules/cjs/loader","function":"Module._compile","line":1092,"method":"_compile","native":false},{"column":13,"file":"C:\\Users\\harri\\Documents\\10° Semestre ITGAM\\PWPCII\\ProjNotes\\node_modules\\babel-watch\\runner.js","function":"babelWatchLoader","line":58,"method":null,"native":false},{"column":7,"file":"C:\\Users\\harri\\Documents\\10° Semestre ITGAM\\PWPCII\\ProjNotes\\node_modules\\babel-watch\\runner.js","function":"Object.reqExtensions.<computed> [as .js]","line":69,"method":"js]","native":false},{"column":32,"file":"node:internal/modules/cjs/loader","function":"Module.load","line":972,"method":"load","native":false},{"column":14,"file":"node:internal/modules/cjs/loader","function":"Module._load","line":813,"method":"_load","native":false},{"column":19,"file":"node:internal/modules/cjs/loader","function":"Module.require","line":996,"method":"require","native":false},{"column":18,"file":"node:internal/modules/cjs/helpers","function":"require","line":92,"method":null,"native":false},{"column":163,"file":"C:\\Users\\harri\\Documents\\10° Semestre ITGAM\\PWPCII\\ProjNotes\\server\\routes\\home.js","function":null,"line":1,"method":null,"native":false},{"column":14,"file":"node:internal/modules/cjs/loader","function":"Module._compile","line":1092,"method":"_compile","native":false}],"timestamp":"2021-06-16T18:43:45.642Z"}
{"error":{},"level":"error","message":"uncaughtException: about is not defined\nReferenceError: about is not defined\n    at Object.<anonymous> (C:\\Users\\harri\\Documents\\10° Semestre ITGAM\\PWPCII\\ProjNotes\\server\\controllers\\homeController.js:21:3)\n    at Module._compile (node:internal/modules/cjs/loader:1092:14)\n    at babelWatchLoader (C:\\Users\\harri\\Documents\\10° Semestre ITGAM\\PWPCII\\ProjNotes\\node_modules\\babel-watch\\runner.js:58:13)\n    at Object.reqExtensions.<computed> [as .js] (C:\\Users\\harri\\Documents\\10° Semestre ITGAM\\PWPCII\\ProjNotes\\node_modules\\babel-watch\\runner.js:69:7)\n    at Module.load (node:internal/modules/cjs/loader:972:32)\n    at Function.Module._load (node:internal/modules/cjs/loader:813:14)\n    at Module.require (node:internal/modules/cjs/loader:996:19)\n    at require (node:internal/modules/cjs/helpers:92:18)\n    at Object.<anonymous> (C:\\Users\\harri\\Documents\\10° Semestre ITGAM\\PWPCII\\ProjNotes\\server\\routes\\home.js:1:163)\n    at Module._compile (node:internal/modules/cjs/loader:1092:14)","stack":"ReferenceError: about is not defined\n    at Object.<anonymous> (C:\\Users\\harri\\Documents\\10° Semestre ITGAM\\PWPCII\\ProjNotes\\server\\controllers\\homeController.js:21:3)\n    at Module._compile (node:internal/modules/cjs/loader:1092:14)\n    at babelWatchLoader (C:\\Users\\harri\\Documents\\10° Semestre ITGAM\\PWPCII\\ProjNotes\\node_modules\\babel-watch\\runner.js:58:13)\n    at Object.reqExtensions.<computed> [as .js] (C:\\Users\\harri\\Documents\\10° Semestre ITGAM\\PWPCII\\ProjNotes\\node_modules\\babel-watch\\runner.js:69:7)\n    at Module.load (node:internal/modules/cjs/loader:972:32)\n    at Function.Module._load (node:internal/modules/cjs/loader:813:14)\n    at Module.require (node:internal/modules/cjs/loader:996:19)\n    at require (node:internal/modules/cjs/helpers:92:18)\n    at Object.<anonymous> (C:\\Users\\harri\\Documents\\10° Semestre ITGAM\\PWPCII\\ProjNotes\\server\\routes\\home.js:1:163)\n    at Module._compile (node:internal/modules/cjs/loader:1092:14)","exception":true,"date":"Wed Jun 16 2021 13:43:45 GMT-0500 (hora de verano central)","process":{"pid":11584,"uid":null,"gid":null,"cwd":"C:\\Users\\harri\\Documents\\10° Semestre ITGAM\\PWPCII\\ProjNotes","execPath":"C:\\Program Files\\nodejs\\node.exe","version":"v15.13.0","argv":["node","./server/bin/www"],"memoryUsage":{"rss":38318080,"heapTotal":18038784,"heapUsed":11166504,"external":914743,"arrayBuffers":112101}},"os":{"loadavg":[0,0,0],"uptime":267814},"trace":[{"column":3,"file":"C:\\Users\\harri\\Documents\\10° Semestre ITGAM\\PWPCII\\ProjNotes\\server\\controllers\\homeController.js","function":null,"line":21,"method":null,"native":false},{"column":14,"file":"node:internal/modules/cjs/loader","function":"Module._compile","line":1092,"method":"_compile","native":false},{"column":13,"file":"C:\\Users\\harri\\Documents\\10° Semestre ITGAM\\PWPCII\\ProjNotes\\node_modules\\babel-watch\\runner.js","function":"babelWatchLoader","line":58,"method":null,"native":false},{"column":7,"file":"C:\\Users\\harri\\Documents\\10° Semestre ITGAM\\PWPCII\\ProjNotes\\node_modules\\babel-watch\\runner.js","function":"Object.reqExtensions.<computed> [as .js]","line":69,"method":"js]","native":false},{"column":32,"file":"node:internal/modules/cjs/loader","function":"Module.load","line":972,"method":"load","native":false},{"column":14,"file":"node:internal/modules/cjs/loader","function":"Module._load","line":813,"method":"_load","native":false},{"column":19,"file":"node:internal/modules/cjs/loader","function":"Module.require","line":996,"method":"require","native":false},{"column":18,"file":"node:internal/modules/cjs/helpers","function":"require","line":92,"method":null,"native":false},{"column":163,"file":"C:\\Users\\harri\\Documents\\10° Semestre ITGAM\\PWPCII\\ProjNotes\\server\\routes\\home.js","function":null,"line":1,"method":null,"native":false},{"column":14,"file":"node:internal/modules/cjs/loader","function":"Module._compile","line":1092,"method":"_compile","native":false}],"timestamp":"2021-06-16T18:43:45.645Z"}
{"error":{},"level":"error","message":"uncaughtException: about is not defined\nReferenceError: about is not defined\n    at Object.<anonymous> (C:\\Users\\harri\\Documents\\10° Semestre ITGAM\\PWPCII\\ProjNotes\\server\\controllers\\homeController.js:26:3)\n    at Module._compile (node:internal/modules/cjs/loader:1092:14)\n    at babelWatchLoader (C:\\Users\\harri\\Documents\\10° Semestre ITGAM\\PWPCII\\ProjNotes\\node_modules\\babel-watch\\runner.js:58:13)\n    at Object.reqExtensions.<computed> [as .js] (C:\\Users\\harri\\Documents\\10° Semestre ITGAM\\PWPCII\\ProjNotes\\node_modules\\babel-watch\\runner.js:69:7)\n    at Module.load (node:internal/modules/cjs/loader:972:32)\n    at Function.Module._load (node:internal/modules/cjs/loader:813:14)\n    at Module.require (node:internal/modules/cjs/loader:996:19)\n    at require (node:internal/modules/cjs/helpers:92:18)\n    at Object.<anonymous> (C:\\Users\\harri\\Documents\\10° Semestre ITGAM\\PWPCII\\ProjNotes\\server\\routes\\home.js:1:163)\n    at Module._compile (node:internal/modules/cjs/loader:1092:14)","stack":"ReferenceError: about is not defined\n    at Object.<anonymous> (C:\\Users\\harri\\Documents\\10° Semestre ITGAM\\PWPCII\\ProjNotes\\server\\controllers\\homeController.js:26:3)\n    at Module._compile (node:internal/modules/cjs/loader:1092:14)\n    at babelWatchLoader (C:\\Users\\harri\\Documents\\10° Semestre ITGAM\\PWPCII\\ProjNotes\\node_modules\\babel-watch\\runner.js:58:13)\n    at Object.reqExtensions.<computed> [as .js] (C:\\Users\\harri\\Documents\\10° Semestre ITGAM\\PWPCII\\ProjNotes\\node_modules\\babel-watch\\runner.js:69:7)\n    at Module.load (node:internal/modules/cjs/loader:972:32)\n    at Function.Module._load (node:internal/modules/cjs/loader:813:14)\n    at Module.require (node:internal/modules/cjs/loader:996:19)\n    at require (node:internal/modules/cjs/helpers:92:18)\n    at Object.<anonymous> (C:\\Users\\harri\\Documents\\10° Semestre ITGAM\\PWPCII\\ProjNotes\\server\\routes\\home.js:1:163)\n    at Module._compile (node:internal/modules/cjs/loader:1092:14)","exception":true,"date":"Wed Jun 16 2021 13:45:12 GMT-0500 (hora de verano central)","process":{"pid":12492,"uid":null,"gid":null,"cwd":"C:\\Users\\harri\\Documents\\10° Semestre ITGAM\\PWPCII\\ProjNotes","execPath":"C:\\Program Files\\nodejs\\node.exe","version":"v15.13.0","argv":["node","./server/bin/www"],"memoryUsage":{"rss":38424576,"heapTotal":17776640,"heapUsed":11317400,"external":922935,"arrayBuffers":120293}},"os":{"loadavg":[0,0,0],"uptime":267902},"trace":[{"column":3,"file":"C:\\Users\\harri\\Documents\\10° Semestre ITGAM\\PWPCII\\ProjNotes\\server\\controllers\\homeController.js","function":null,"line":26,"method":null,"native":false},{"column":14,"file":"node:internal/modules/cjs/loader","function":"Module._compile","line":1092,"method":"_compile","native":false},{"column":13,"file":"C:\\Users\\harri\\Documents\\10° Semestre ITGAM\\PWPCII\\ProjNotes\\node_modules\\babel-watch\\runner.js","function":"babelWatchLoader","line":58,"method":null,"native":false},{"column":7,"file":"C:\\Users\\harri\\Documents\\10° Semestre ITGAM\\PWPCII\\ProjNotes\\node_modules\\babel-watch\\runner.js","function":"Object.reqExtensions.<computed> [as .js]","line":69,"method":"js]","native":false},{"column":32,"file":"node:internal/modules/cjs/loader","function":"Module.load","line":972,"method":"load","native":false},{"column":14,"file":"node:internal/modules/cjs/loader","function":"Module._load","line":813,"method":"_load","native":false},{"column":19,"file":"node:internal/modules/cjs/loader","function":"Module.require","line":996,"method":"require","native":false},{"column":18,"file":"node:internal/modules/cjs/helpers","function":"require","line":92,"method":null,"native":false},{"column":163,"file":"C:\\Users\\harri\\Documents\\10° Semestre ITGAM\\PWPCII\\ProjNotes\\server\\routes\\home.js","function":null,"line":1,"method":null,"native":false},{"column":14,"file":"node:internal/modules/cjs/loader","function":"Module._compile","line":1092,"method":"_compile","native":false}],"timestamp":"2021-06-16T18:45:12.829Z"}
{"error":{},"level":"error","message":"uncaughtException: about is not defined\nReferenceError: about is not defined\n    at Object.<anonymous> (C:\\Users\\harri\\Documents\\10° Semestre ITGAM\\PWPCII\\ProjNotes\\server\\controllers\\homeController.js:26:3)\n    at Module._compile (node:internal/modules/cjs/loader:1092:14)\n    at babelWatchLoader (C:\\Users\\harri\\Documents\\10° Semestre ITGAM\\PWPCII\\ProjNotes\\node_modules\\babel-watch\\runner.js:58:13)\n    at Object.reqExtensions.<computed> [as .js] (C:\\Users\\harri\\Documents\\10° Semestre ITGAM\\PWPCII\\ProjNotes\\node_modules\\babel-watch\\runner.js:69:7)\n    at Module.load (node:internal/modules/cjs/loader:972:32)\n    at Function.Module._load (node:internal/modules/cjs/loader:813:14)\n    at Module.require (node:internal/modules/cjs/loader:996:19)\n    at require (node:internal/modules/cjs/helpers:92:18)\n    at Object.<anonymous> (C:\\Users\\harri\\Documents\\10° Semestre ITGAM\\PWPCII\\ProjNotes\\server\\routes\\home.js:1:163)\n    at Module._compile (node:internal/modules/cjs/loader:1092:14)","stack":"ReferenceError: about is not defined\n    at Object.<anonymous> (C:\\Users\\harri\\Documents\\10° Semestre ITGAM\\PWPCII\\ProjNotes\\server\\controllers\\homeController.js:26:3)\n    at Module._compile (node:internal/modules/cjs/loader:1092:14)\n    at babelWatchLoader (C:\\Users\\harri\\Documents\\10° Semestre ITGAM\\PWPCII\\ProjNotes\\node_modules\\babel-watch\\runner.js:58:13)\n    at Object.reqExtensions.<computed> [as .js] (C:\\Users\\harri\\Documents\\10° Semestre ITGAM\\PWPCII\\ProjNotes\\node_modules\\babel-watch\\runner.js:69:7)\n    at Module.load (node:internal/modules/cjs/loader:972:32)\n    at Function.Module._load (node:internal/modules/cjs/loader:813:14)\n    at Module.require (node:internal/modules/cjs/loader:996:19)\n    at require (node:internal/modules/cjs/helpers:92:18)\n    at Object.<anonymous> (C:\\Users\\harri\\Documents\\10° Semestre ITGAM\\PWPCII\\ProjNotes\\server\\routes\\home.js:1:163)\n    at Module._compile (node:internal/modules/cjs/loader:1092:14)","exception":true,"date":"Wed Jun 16 2021 13:45:12 GMT-0500 (hora de verano central)","process":{"pid":12492,"uid":null,"gid":null,"cwd":"C:\\Users\\harri\\Documents\\10° Semestre ITGAM\\PWPCII\\ProjNotes","execPath":"C:\\Program Files\\nodejs\\node.exe","version":"v15.13.0","argv":["node","./server/bin/www"],"memoryUsage":{"rss":38424576,"heapTotal":17776640,"heapUsed":11317400,"external":922935,"arrayBuffers":120293}},"os":{"loadavg":[0,0,0],"uptime":267902},"trace":[{"column":3,"file":"C:\\Users\\harri\\Documents\\10° Semestre ITGAM\\PWPCII\\ProjNotes\\server\\controllers\\homeController.js","function":null,"line":26,"method":null,"native":false},{"column":14,"file":"node:internal/modules/cjs/loader","function":"Module._compile","line":1092,"method":"_compile","native":false},{"column":13,"file":"C:\\Users\\harri\\Documents\\10° Semestre ITGAM\\PWPCII\\ProjNotes\\node_modules\\babel-watch\\runner.js","function":"babelWatchLoader","line":58,"method":null,"native":false},{"column":7,"file":"C:\\Users\\harri\\Documents\\10° Semestre ITGAM\\PWPCII\\ProjNotes\\node_modules\\babel-watch\\runner.js","function":"Object.reqExtensions.<computed> [as .js]","line":69,"method":"js]","native":false},{"column":32,"file":"node:internal/modules/cjs/loader","function":"Module.load","line":972,"method":"load","native":false},{"column":14,"file":"node:internal/modules/cjs/loader","function":"Module._load","line":813,"method":"_load","native":false},{"column":19,"file":"node:internal/modules/cjs/loader","function":"Module.require","line":996,"method":"require","native":false},{"column":18,"file":"node:internal/modules/cjs/helpers","function":"require","line":92,"method":null,"native":false},{"column":163,"file":"C:\\Users\\harri\\Documents\\10° Semestre ITGAM\\PWPCII\\ProjNotes\\server\\routes\\home.js","function":null,"line":1,"method":null,"native":false},{"column":14,"file":"node:internal/modules/cjs/loader","function":"Module._compile","line":1092,"method":"_compile","native":false}],"timestamp":"2021-06-16T18:45:12.830Z"}
{"message":"GET / 304 47.739 ms - -\n","level":"info","timestamp":"2021-06-16T18:45:36.333Z"}
{"message":"GET / 304 47.739 ms - -\n","level":"info","timestamp":"2021-06-16T18:45:36.336Z"}
{"message":"GET /about 200 21.730 ms - 1067\n","level":"info","timestamp":"2021-06-16T18:45:39.805Z"}
{"message":"GET /about 200 21.730 ms - 1067\n","level":"info","timestamp":"2021-06-16T18:45:39.805Z"}
{"message":"GET / 304 14.025 ms - -\n","level":"info","timestamp":"2021-06-16T18:45:43.307Z"}
{"message":"GET / 304 14.025 ms - -\n","level":"info","timestamp":"2021-06-16T18:45:43.308Z"}
{"message":"GET /about 304 17.337 ms - -\n","level":"info","timestamp":"2021-06-16T18:45:47.457Z"}
{"message":"GET /about 304 17.337 ms - -\n","level":"info","timestamp":"2021-06-16T18:45:47.457Z"}
{"message":"GET / 304 23.616 ms - -\n","level":"info","timestamp":"2021-06-16T18:45:48.553Z"}
{"message":"GET / 304 23.616 ms - -\n","level":"info","timestamp":"2021-06-16T18:45:48.553Z"}
{"message":"GET /about 304 26.869 ms - -\n","level":"info","timestamp":"2021-06-16T18:45:49.597Z"}
{"message":"GET /about 304 26.869 ms - -\n","level":"info","timestamp":"2021-06-16T18:45:49.597Z"}
{"message":"GET / 304 22.671 ms - -\n","level":"info","timestamp":"2021-06-16T18:45:50.525Z"}
{"message":"GET / 304 22.671 ms - -\n","level":"info","timestamp":"2021-06-16T18:45:50.525Z"}
{"message":"GET /about 304 20.495 ms - -\n","level":"info","timestamp":"2021-06-16T18:45:51.577Z"}
{"message":"GET /about 304 20.495 ms - -\n","level":"info","timestamp":"2021-06-16T18:45:51.577Z"}
{"message":"GET / 304 24.363 ms - -\n","level":"info","timestamp":"2021-06-16T18:45:52.665Z"}
{"message":"GET / 304 24.363 ms - -\n","level":"info","timestamp":"2021-06-16T18:45:52.665Z"}
{"message":"Code: 404, Message: Page Not found, URL: /main.d49c88151ad6c05a4394.hot-update.json, Method: GET, IP: ::ffff:127.0.0.1","level":"error","timestamp":"2021-06-16T18:50:24.868Z"}
{"message":"Code: 404, Message: Page Not found, URL: /main.d49c88151ad6c05a4394.hot-update.json, Method: GET, IP: ::ffff:127.0.0.1","level":"error","timestamp":"2021-06-16T18:50:24.871Z"}
{"message":"GET /main.d49c88151ad6c05a4394.hot-update.json 404 21.703 ms - 1533\n","level":"info","timestamp":"2021-06-16T18:50:24.889Z"}
{"message":"GET /main.d49c88151ad6c05a4394.hot-update.json 404 21.703 ms - 1533\n","level":"info","timestamp":"2021-06-16T18:50:24.890Z"}
{"message":"GET / 304 55.870 ms - -\n","level":"info","timestamp":"2021-06-16T18:50:24.974Z"}
{"message":"GET / 304 55.870 ms - -\n","level":"info","timestamp":"2021-06-16T18:50:24.974Z"}
{"message":"GET / 304 20.262 ms - -\n","level":"info","timestamp":"2021-06-16T18:50:27.829Z"}
{"message":"GET / 304 20.262 ms - -\n","level":"info","timestamp":"2021-06-16T18:50:27.829Z"}
{"message":"GET /about 304 22.773 ms - -\n","level":"info","timestamp":"2021-06-16T18:50:30.918Z"}
{"message":"GET /about 304 22.773 ms - -\n","level":"info","timestamp":"2021-06-16T18:50:30.920Z"}
{"message":"GET / 304 20.486 ms - -\n","level":"info","timestamp":"2021-06-16T18:50:34.214Z"}
{"message":"GET / 304 20.486 ms - -\n","level":"info","timestamp":"2021-06-16T18:50:34.214Z"}
{"message":"GET / 304 15.781 ms - -\n","level":"info","timestamp":"2021-06-16T18:50:35.412Z"}
{"message":"GET / 304 15.781 ms - -\n","level":"info","timestamp":"2021-06-16T18:50:35.412Z"}
{"message":"GET /about 304 7.672 ms - -\n","level":"info","timestamp":"2021-06-16T18:50:36.283Z"}
{"message":"GET /about 304 7.672 ms - -\n","level":"info","timestamp":"2021-06-16T18:50:36.283Z"}
{"message":"GET / 304 16.293 ms - -\n","level":"info","timestamp":"2021-06-16T18:50:39.548Z"}
{"message":"GET / 304 16.293 ms - -\n","level":"info","timestamp":"2021-06-16T18:50:39.548Z"}
{"message":"GET / 200 77.204 ms - 1056\n","level":"info","timestamp":"2021-06-17T23:10:22.568Z"}
{"message":"Code: 404, Message: Page Not found, URL: /favicon.ico, Method: GET, IP: ::1","level":"error","timestamp":"2021-06-17T23:10:23.525Z"}
{"message":"GET /favicon.ico 404 33.447 ms - 1533\n","level":"info","timestamp":"2021-06-17T23:10:23.557Z"}
{"message":"GET / 200 15.062 ms - 1057\n","level":"info","timestamp":"2021-06-17T23:10:55.656Z"}
{"message":"GET / 200 11.529 ms - 1057\n","level":"info","timestamp":"2021-06-17T23:12:16.294Z"}
{"message":"GET / 200 13.418 ms - 1057\n","level":"info","timestamp":"2021-06-17T23:12:28.234Z"}
{"message":"GET / 200 11.585 ms - 1048\n","level":"info","timestamp":"2021-06-17T23:12:43.806Z"}
{"message":"GET / 200 15.207 ms - 1058\n","level":"info","timestamp":"2021-06-17T23:13:08.657Z"}
{"message":"GET / 200 8.456 ms - 1127\n","level":"info","timestamp":"2021-06-17T23:15:25.738Z"}
{"message":"GET / 304 33.658 ms - -\n","level":"info","timestamp":"2021-06-17T23:16:22.715Z"}
{"message":"GET / 304 9.059 ms - -\n","level":"info","timestamp":"2021-06-17T23:17:10.394Z"}
{"message":"GET / 200 13.248 ms - 1117\n","level":"info","timestamp":"2021-06-17T23:18:20.326Z"}
{"message":"GET / 304 10.363 ms - -\n","level":"info","timestamp":"2021-06-17T23:19:24.820Z"}
{"message":"GET / 200 11.923 ms - 1117\n","level":"info","timestamp":"2021-06-17T23:23:39.640Z"}
{"message":"GET / 200 8.524 ms - 1124\n","level":"info","timestamp":"2021-06-17T23:24:15.940Z"}
{"message":"GET / 200 12.776 ms - 1124\n","level":"info","timestamp":"2021-06-17T23:24:36.229Z"}
{"message":"GET / 200 7.575 ms - 1181\n","level":"info","timestamp":"2021-06-17T23:27:49.376Z"}
{"message":"GET / 200 20.083 ms - 1369\n","level":"info","timestamp":"2021-06-17T23:34:07.002Z"}
{"message":"GET / 200 12.699 ms - 1373\n","level":"info","timestamp":"2021-06-17T23:34:22.671Z"}
{"message":"GET / 200 11.097 ms - 1522\n","level":"info","timestamp":"2021-06-17T23:37:11.217Z"}
{"message":"GET / 304 11.262 ms - -\n","level":"info","timestamp":"2021-06-17T23:37:14.030Z"}
{"message":"GET / 304 23.028 ms - -\n","level":"info","timestamp":"2021-06-17T23:37:15.225Z"}
{"message":"GET / 304 8.387 ms - -\n","level":"info","timestamp":"2021-06-17T23:37:15.568Z"}
{"message":"GET / 304 7.674 ms - -\n","level":"info","timestamp":"2021-06-17T23:37:15.735Z"}
{"message":"GET / 304 10.147 ms - -\n","level":"info","timestamp":"2021-06-17T23:37:16.077Z"}
{"message":"GET / 304 12.184 ms - -\n","level":"info","timestamp":"2021-06-17T23:37:16.413Z"}
{"message":"GET / 304 13.242 ms - -\n","level":"info","timestamp":"2021-06-17T23:37:17.416Z"}
{"message":"GET / 304 9.233 ms - -\n","level":"info","timestamp":"2021-06-17T23:37:17.738Z"}
{"message":"GET / 304 9.303 ms - -\n","level":"info","timestamp":"2021-06-17T23:37:17.926Z"}
{"message":"GET / 304 6.100 ms - -\n","level":"info","timestamp":"2021-06-17T23:37:18.098Z"}
{"message":"GET / 304 8.244 ms - -\n","level":"info","timestamp":"2021-06-17T23:37:18.442Z"}
{"message":"GET / 304 7.842 ms - -\n","level":"info","timestamp":"2021-06-17T23:37:18.620Z"}
{"message":"GET / 304 5.009 ms - -\n","level":"info","timestamp":"2021-06-17T23:37:18.800Z"}
{"message":"GET / 304 7.741 ms - -\n","level":"info","timestamp":"2021-06-17T23:37:19.168Z"}
{"message":"GET / 304 4.879 ms - -\n","level":"info","timestamp":"2021-06-17T23:37:20.052Z"}
{"message":"GET / 200 7.078 ms - 1523\n","level":"info","timestamp":"2021-06-17T23:44:29.655Z"}
{"message":"Code: 404, Message: Page Not found, URL: /main.7f9bdcc9a6dbd88e5ede.hot-update.json, Method: GET, IP: ::1","level":"error","timestamp":"2021-06-17T23:47:06.374Z"}
{"message":"GET /main.7f9bdcc9a6dbd88e5ede.hot-update.json 404 25.121 ms - 1533\n","level":"info","timestamp":"2021-06-17T23:47:06.395Z"}
{"message":"GET / 304 49.482 ms - -\n","level":"info","timestamp":"2021-06-17T23:47:06.471Z"}
{"message":"GET / 200 19.471 ms - 1510\n","level":"info","timestamp":"2021-06-17T23:47:17.710Z"}
{"message":"GET / 200 16.597 ms - 1523\n","level":"info","timestamp":"2021-06-17T23:47:24.003Z"}
{"message":"Code: 404, Message: Page Not found, URL: /main.de5f7b17a46486db480f.hot-update.json, Method: GET, IP: ::1","level":"error","timestamp":"2021-06-17T23:48:20.281Z"}
{"message":"GET /main.de5f7b17a46486db480f.hot-update.json 404 17.886 ms - 1533\n","level":"info","timestamp":"2021-06-17T23:48:20.300Z"}
{"message":"GET / 200 41.421 ms - 1443\n","level":"info","timestamp":"2021-06-17T23:48:20.374Z"}
{"message":"GET / 200 31.973 ms - 1523\n","level":"info","timestamp":"2021-06-17T23:48:41.613Z"}
{"message":"Code: 404, Message: Page Not found, URL: /main.41d1a33f328444d38163.hot-update.json, Method: GET, IP: ::ffff:127.0.0.1","level":"error","timestamp":"2021-06-17T23:49:28.503Z"}
{"message":"GET /main.41d1a33f328444d38163.hot-update.json 404 20.917 ms - 1533\n","level":"info","timestamp":"2021-06-17T23:49:28.517Z"}
{"message":"GET / 500 142.932 ms - 1941\n","level":"info","timestamp":"2021-06-17T23:49:28.683Z"}
{"message":"GET / 500 16.911 ms - 1978\n","level":"info","timestamp":"2021-06-17T23:50:11.244Z"}
{"message":"GET / 200 22.943 ms - 1505\n","level":"info","timestamp":"2021-06-17T23:50:31.138Z"}
{"message":"GET / 200 16.369 ms - 1529\n","level":"info","timestamp":"2021-06-17T23:50:38.429Z"}
{"message":"GET / 500 9.872 ms - 1978\n","level":"info","timestamp":"2021-06-17T23:50:44.094Z"}
{"message":"GET / 200 14.247 ms - 1609\n","level":"info","timestamp":"2021-06-17T23:50:57.455Z"}
{"message":"GET / 200 14.449 ms - 1547\n","level":"info","timestamp":"2021-06-17T23:51:10.974Z"}
{"message":"GET / 200 47.562 ms - 1529\n","level":"info","timestamp":"2021-06-17T23:51:43.200Z"}
{"message":"GET / 200 27.087 ms - 1547\n","level":"info","timestamp":"2021-06-17T23:51:51.706Z"}
{"message":"GET / 304 15.315 ms - -\n","level":"info","timestamp":"2021-06-17T23:53:23.410Z"}
{"message":"GET / 304 20.121 ms - -\n","level":"info","timestamp":"2021-06-18T00:02:49.706Z"}
{"message":"GET / 304 15.935 ms - -\n","level":"info","timestamp":"2021-06-18T00:03:27.278Z"}
{"message":"Code: 404, Message: Page Not found, URL: /main.80371a1681188e1cfe98.hot-update.json, Method: GET, IP: ::ffff:127.0.0.1","level":"error","timestamp":"2021-06-18T00:04:30.050Z"}
{"message":"GET /main.80371a1681188e1cfe98.hot-update.json 404 40.415 ms - 1533\n","level":"info","timestamp":"2021-06-18T00:04:30.083Z"}
{"message":"GET / 304 48.093 ms - -\n","level":"info","timestamp":"2021-06-18T00:04:30.296Z"}
{"message":"Code: 404, Message: Page Not found, URL: /main.68b1a03d8e0672ce5c42.hot-update.json, Method: GET, IP: ::1","level":"error","timestamp":"2021-06-18T00:05:19.308Z"}
{"message":"GET /main.68b1a03d8e0672ce5c42.hot-update.json 404 21.116 ms - 1533\n","level":"info","timestamp":"2021-06-18T00:05:19.325Z"}
{"message":"GET / 304 62.188 ms - -\n","level":"info","timestamp":"2021-06-18T00:05:19.411Z"}
{"message":"GET /about 200 12.137 ms - 1096\n","level":"info","timestamp":"2021-06-18T00:05:23.958Z"}
{"message":"GET /about 304 19.530 ms - -\n","level":"info","timestamp":"2021-06-18T00:05:26.088Z"}
{"message":"GET /about 200 20.615 ms - 1210\n","level":"info","timestamp":"2021-06-18T00:07:32.747Z"}
{"message":"GET / 304 26.952 ms - -\n","level":"info","timestamp":"2021-06-18T00:07:58.144Z"}
{"message":"GET /about 304 10.758 ms - -\n","level":"info","timestamp":"2021-06-18T00:08:00.177Z"}
{"message":"GET / 304 18.374 ms - -\n","level":"info","timestamp":"2021-06-18T00:08:06.641Z"}
{"message":"GET /about 304 18.043 ms - -\n","level":"info","timestamp":"2021-06-18T00:08:11.498Z"}
{"message":"GET / 304 23.018 ms - -\n","level":"info","timestamp":"2021-06-18T00:08:13.998Z"}
{"message":"GET /about 304 13.973 ms - -\n","level":"info","timestamp":"2021-06-18T00:08:16.054Z"}
{"message":"GET / 304 28.294 ms - -\n","level":"info","timestamp":"2021-06-18T00:08:18.228Z"}
{"message":"GET /about 304 18.483 ms - -\n","level":"info","timestamp":"2021-06-18T00:08:20.417Z"}
{"message":"GET / 304 27.011 ms - -\n","level":"info","timestamp":"2021-06-18T00:08:22.605Z"}
{"message":"GET /about 304 8.710 ms - -\n","level":"info","timestamp":"2021-06-18T00:08:23.697Z"}
{"message":"GET / 304 11.702 ms - -\n","level":"info","timestamp":"2021-06-18T00:08:24.836Z"}
{"message":"GET /about 304 12.226 ms - -\n","level":"info","timestamp":"2021-06-18T00:08:27.409Z"}
{"message":"GET / 304 13.947 ms - -\n","level":"info","timestamp":"2021-06-18T00:08:28.471Z"}
{"message":"GET / 200 58.060 ms - 1524\n","level":"info","timestamp":"2021-07-06T02:32:36.559Z"}
{"message":"Code: 404, Message: Page Not found, URL: /favicon.ico, Method: GET, IP: ::1","level":"error","timestamp":"2021-07-06T02:32:36.910Z"}
{"message":"GET /favicon.ico 404 14.972 ms - 1273\n","level":"info","timestamp":"2021-07-06T02:32:36.925Z"}
{"message":"GET / 200 28.793 ms - 1524\n","level":"info","timestamp":"2021-07-06T02:39:36.901Z"}
{"message":"GET /about 200 10.667 ms - 1192\n","level":"info","timestamp":"2021-07-06T02:39:48.376Z"}
{"message":"GET / 304 14.488 ms - -\n","level":"info","timestamp":"2021-07-06T02:39:49.907Z"}
{"message":"GET /about 304 6.752 ms - -\n","level":"info","timestamp":"2021-07-06T02:39:51.443Z"}
{"message":"GET /about 304 6.697 ms - -\n","level":"info","timestamp":"2021-07-06T02:39:52.794Z"}
{"message":"GET /about 304 7.208 ms - -\n","level":"info","timestamp":"2021-07-06T02:39:54.877Z"}
{"message":"GET /about 304 8.887 ms - -\n","level":"info","timestamp":"2021-07-06T02:39:56.317Z"}
{"message":"GET / 304 15.277 ms - -\n","level":"info","timestamp":"2021-07-06T02:39:57.765Z"}
